<?xml version="1.0" encoding="UTF-8"?>
<testng-results ignored="0" total="1" passed="1" failed="0" skipped="0">
  <reporter-output>
  </reporter-output>
  <suite started-at="2022-06-26T14:38:47 PDT" name="Command line suite" finished-at="2022-06-26T14:38:47 PDT" duration-ms="14">
    <groups>
    </groups>
    <test started-at="2022-06-26T14:38:47 PDT" name="Command line test" finished-at="2022-06-26T14:38:47 PDT" duration-ms="14">
      <class name="com.api.RATestCases.AppTest">
        <test-method signature="testApp()[pri:0, instance:testApp(com.api.RATestCases.AppTest)]" started-at="2022-06-26T14:38:47 PDT" name="testApp" finished-at="2022-06-26T14:38:47 PDT" duration-ms="3" status="PASS">
          <reporter-output>
          </reporter-output>
        </test-method> <!-- testApp -->
      </class> <!-- com.api.RATestCases.AppTest -->
    </test> <!-- Command line test -->
  </suite> <!-- Command line suite -->
</testng-results>
