<?xml version="1.0" encoding="UTF-8"?>
<testng-results ignored="0" total="1" passed="1" failed="0" skipped="0">
  <reporter-output>
  </reporter-output>
  <suite started-at="2022-06-26T14:48:49 PDT" name="Default suite" finished-at="2022-06-26T14:48:52 PDT" duration-ms="2530">
    <groups>
    </groups>
    <test started-at="2022-06-26T14:48:49 PDT" name="Default test" finished-at="2022-06-26T14:48:52 PDT" duration-ms="2530">
      <class name="com.api.reqres.test.TestGetAPI">
        <test-method signature="getAPi()[pri:0, instance:com.api.reqres.test.TestGetAPI@29d89d5d]" started-at="2022-06-26T14:48:49 PDT" name="getAPi" finished-at="2022-06-26T14:48:52 PDT" duration-ms="2473" status="PASS">
          <reporter-output>
          </reporter-output>
        </test-method> <!-- getAPi -->
      </class> <!-- com.api.reqres.test.TestGetAPI -->
    </test> <!-- Default test -->
  </suite> <!-- Default suite -->
</testng-results>
